{
  "RSpec": {
    "coverage": {
      "/home/famyaltimimi-21235/code/labs/tic-tac-toe-rb-re-coded-000/lib/tic_tac_toe.rb": [
        1,
        1,
        20,
        20,
        20,
        20,
        20,
        null,
        1,
        0,
        null,
        1,
        18,
        null,
        1,
        23,
        null,
        1,
        19,
        16,
        null,
        3,
        null,
        1,
        16,
        16,
        16,
        1,
        null,
        15,
        15,
        null,
        16,
        null,
        2,
        2,
        18,
        5,
        null,
        null,
        null,
        2,
        null,
        16,
        1,
        1,
        0,
        null,
        null,
        16,
        62,
        357,
        357,
        357,
        357,
        357,
        357,
        357,
        20,
        null,
        6,
        null,
        331,
        null,
        null,
        36,
        null,
        16,
        17,
        84,
        10,
        null,
        null,
        74,
        null,
        null,
        null,
        16,
        24,
        8,
        16,
        6,
        null,
        null,
        null,
        16,
        17,
        null,
        16,
        3,
        1,
        2,
        1,
        1,
        null,
        null,
        null,
        16,
        12,
        13,
        null,
        12,
        12,
        3,
        9,
        6,
        null,
        null,
        null,
        null
      ]
    },
    "timestamp": 1476216017
  }
}
