{
  "RSpec": {
    "coverage": {
      "/home/famyaltimimi-21235/code/labs/tic-tac-toe-rb-re-coded-000/lib/tic_tac_toe.rb": [
        1,
        1,
        10,
        10,
        10,
        10,
        10,
        null,
        1,
        0,
        null,
        1,
        11,
        null,
        1,
        8145,
        null,
        1,
        8141,
        9,
        null,
        8132,
        null,
        1,
        8139,
        8138,
        8138,
        8130,
        null,
        8,
        8,
        null,
        9,
        null,
        2,
        2,
        18,
        5,
        null,
        null,
        null,
        2,
        null,
        9,
        1,
        1,
        0,
        null,
        null,
        9,
        11,
        76,
        76,
        76,
        76,
        76,
        76,
        76,
        4,
        null,
        2,
        null,
        70,
        null,
        null,
        5,
        null,
        9,
        7,
        43,
        3,
        null,
        null,
        40,
        null,
        null,
        null,
        9,
        5,
        2,
        3,
        1,
        null,
        null,
        null,
        9,
        3,
        2,
        null,
        1,
        null,
        9,
        3,
        1,
        2,
        1,
        1,
        null,
        null,
        null,
        null,
        1,
        4,
        4,
        4,
        7,
        null,
        null,
        null,
        null
      ]
    },
    "timestamp": 1476135201
  }
}
